March 16th 2020, 12:29:22 pm '[INFO]': server is running in port 3000
March 16th 2020, 12:29:22 pm '[INFO]': GET / 304 

March 16th 2020, 1:13:23 pm '[ERROR]': uncaughtException: Cannot find module '../models/user'
Require stack:
- C:\Users\Dell\WebstormProjects\connect_sequelize\db\index.js
- C:\Users\Dell\WebstormProjects\connect_sequelize\app.js
Error: Cannot find module '../models/user'
Require stack:
- C:\Users\Dell\WebstormProjects\connect_sequelize\db\index.js
- C:\Users\Dell\WebstormProjects\connect_sequelize\app.js
    at Function.Module._resolveFilename (internal/modules/cjs/loader.js:625:15)
    at Function.Module._load (internal/modules/cjs/loader.js:527:27)
    at Module.require (internal/modules/cjs/loader.js:683:19)
    at require (internal/modules/cjs/helpers.js:16:16)
    at Object.<anonymous> (C:\Users\Dell\WebstormProjects\connect_sequelize\db\index.js:3:13)
    at Module._compile (internal/modules/cjs/loader.js:777:30)
    at Object.Module._extensions..js (internal/modules/cjs/loader.js:788:10)
    at Module.load (internal/modules/cjs/loader.js:643:32)
    at Function.Module._load (internal/modules/cjs/loader.js:556:12)
    at Module.require (internal/modules/cjs/loader.js:683:19)
    at require (internal/modules/cjs/helpers.js:16:16)
    at Object.<anonymous> (C:\Users\Dell\WebstormProjects\connect_sequelize\app.js:4:1)
    at Module._compile (internal/modules/cjs/loader.js:777:30)
    at Object.Module._extensions..js (internal/modules/cjs/loader.js:788:10)
    at Module.load (internal/modules/cjs/loader.js:643:32)
    at Function.Module._load (internal/modules/cjs/loader.js:556:12)
    at Function.Module.runMain (internal/modules/cjs/loader.js:840:10)
    at internal/main/run_main_module.js:17:11
March 16th 2020, 1:13:30 pm '[ERROR]': uncaughtException: Cannot find module '../models/user'
Require stack:
- C:\Users\Dell\WebstormProjects\connect_sequelize\db\index.js
- C:\Users\Dell\WebstormProjects\connect_sequelize\app.js
Error: Cannot find module '../models/user'
Require stack:
- C:\Users\Dell\WebstormProjects\connect_sequelize\db\index.js
- C:\Users\Dell\WebstormProjects\connect_sequelize\app.js
    at Function.Module._resolveFilename (internal/modules/cjs/loader.js:625:15)
    at Function.Module._load (internal/modules/cjs/loader.js:527:27)
    at Module.require (internal/modules/cjs/loader.js:683:19)
    at require (internal/modules/cjs/helpers.js:16:16)
    at Object.<anonymous> (C:\Users\Dell\WebstormProjects\connect_sequelize\db\index.js:3:13)
    at Module._compile (internal/modules/cjs/loader.js:777:30)
    at Object.Module._extensions..js (internal/modules/cjs/loader.js:788:10)
    at Module.load (internal/modules/cjs/loader.js:643:32)
    at Function.Module._load (internal/modules/cjs/loader.js:556:12)
    at Module.require (internal/modules/cjs/loader.js:683:19)
    at require (internal/modules/cjs/helpers.js:16:16)
    at Object.<anonymous> (C:\Users\Dell\WebstormProjects\connect_sequelize\app.js:4:1)
    at Module._compile (internal/modules/cjs/loader.js:777:30)
    at Object.Module._extensions..js (internal/modules/cjs/loader.js:788:10)
    at Module.load (internal/modules/cjs/loader.js:643:32)
    at Function.Module._load (internal/modules/cjs/loader.js:556:12)
    at Function.Module.runMain (internal/modules/cjs/loader.js:840:10)
    at internal/main/run_main_module.js:17:11
March 16th 2020, 1:14:35 pm '[INFO]': server is running in port 3000
March 16th 2020, 1:14:35 pm '[INFO]': GET / 304 

March 16th 2020, 1:17:30 pm '[INFO]': server is running in port 3000
March 16th 2020, 2:09:28 pm '[INFO]': server is running in port 3000
March 16th 2020, 2:09:28 pm '[INFO]': GET / 304 

March 16th 2020, 2:11:09 pm '[INFO]': server is running in port 3000
March 16th 2020, 2:11:09 pm '[INFO]': POST / 500 

March 16th 2020, 2:15:16 pm '[INFO]': () =>{
    return db.sequelize.define('Users' , {
        id : {
            type : db.Sequelize.INTEGER,
            primaryKey : true,
            autoIncrement : true,
            field : 'id'
        },
        username : {
            type : db.Sequelize.STRING(45),
            allowNull : true,
            unique : true,
            field  : "username"
        },
        password : {
            type : db.Sequelize.STRING(45),
            allowNull : true,
            field : "password"
        },
        email : {
            type : db.Sequelize.STRING(50),
            unique : true,
            allowNull : true,
            field : "email",
        },
        phone : {
            type : db.Sequelize.INTEGER,
            allowNull : true,
            unique : true,
            field : "phone"
        }
    },{
        tableName : "Users",
        timestamps : false
    })
}
March 16th 2020, 2:15:16 pm '[INFO]': server is running in port 3000
March 16th 2020, 2:15:16 pm '[INFO]': POST / 500 

March 16th 2020, 2:45:30 pm '[INFO]': () =>{
    return db.sequelize.define('Users' , {
        id : {
            type : db.Sequelize.INTEGER,
            primaryKey : true,
            autoIncrement : true,
            field : 'id'
        },
        username : {
            type : db.Sequelize.STRING(45),
            allowNull : true,
            unique : true,
            field  : "username"
        },
        password : {
            type : db.Sequelize.STRING(45),
            allowNull : true,
            field : "password"
        },
        email : {
            type : db.Sequelize.STRING(50),
            unique : true,
            allowNull : true,
            field : "email",
        },
        phone : {
            type : db.Sequelize.INTEGER,
            allowNull : true,
            unique : true,
            field : "phone"
        }
    },{
        tableName : "Users",
        timestamps : false
    })
}
March 16th 2020, 2:45:30 pm '[INFO]': server is running in port 3000
